<?xml version="1.0" encoding="UTF-8"?>
<testng-results ignored="0" total="2" passed="2" failed="0" skipped="0">
  <reporter-output>
  </reporter-output>
  <suite started-at="2021-10-08T15:42:28 IST" name="Default suite" finished-at="2021-10-08T15:42:34 IST" duration-ms="5719">
    <groups>
    </groups>
    <test started-at="2021-10-08T15:42:28 IST" name="Default test" finished-at="2021-10-08T15:42:34 IST" duration-ms="5719">
      <class name="day2.Github">
        <test-method is-config="true" signature="beforeTest()[pri:0, instance:day2.Github@3bf9ce3e]" started-at="2021-10-08T15:42:28 IST" name="beforeTest" finished-at="2021-10-08T15:42:29 IST" duration-ms="1234" status="PASS">
          <reporter-output>
          </reporter-output>
        </test-method> <!-- beforeTest -->
        <test-method signature="createRepositeries()[pri:0, instance:day2.Github@3bf9ce3e]" started-at="2021-10-08T15:42:29 IST" name="createRepositeries" finished-at="2021-10-08T15:42:33 IST" duration-ms="3974" status="PASS">
          <reporter-output>
          </reporter-output>
        </test-method> <!-- createRepositeries -->
        <test-method signature="gettingAllRepositeries()[pri:0, instance:day2.Github@3bf9ce3e]" started-at="2021-10-08T15:42:33 IST" name="gettingAllRepositeries" finished-at="2021-10-08T15:42:34 IST" duration-ms="459" status="PASS">
          <reporter-output>
          </reporter-output>
        </test-method> <!-- gettingAllRepositeries -->
      </class> <!-- day2.Github -->
    </test> <!-- Default test -->
  </suite> <!-- Default suite -->
</testng-results>
